Removed Pin From Net: NetName=GND Pin=C9-2
Removed Pin From Net: NetName=TXD Pin=R6-1
Removed Pin From Net: NetName=RXD Pin=R7-1
Removed Pin From Net: NetName=GND Pin=SW1-3
Removed Member From Class: ClassName=AuArd_1 Member=R8
Removed Member From Class: ClassName=AuArd_1 Member=R9
Change Component Designator: OldDesignator=C4 NewDesignator=C5
Change Component Designator: OldDesignator=C5 NewDesignator=C6
Change Component Designator: OldDesignator=C6 NewDesignator=C8
Change Component Designator: OldDesignator=C8 NewDesignator=C9
Change Component Designator: OldDesignator=C9 NewDesignator=C10
Change Component Designator: OldDesignator=C10 NewDesignator=C12
Change Component Designator: OldDesignator=C11 NewDesignator=C4
Change Component Designator: OldDesignator=J5 NewDesignator=J6
Change Component Designator: OldDesignator=R8 NewDesignator=R6
Change Component Designator: OldDesignator=R9 NewDesignator=R7
Added Component: Designator=C11(1206_Passive_Capacitor)
Add component (AddParameter): Name = "Datasheet"; Value = "https://datasheet.lcsc.com/lcsc/1811031514_Samsung-Electro-Mechanics-CL31A226KAHNNNE_C12891.pdf"; VariantName = "[No Variations]"
Add component (AddParameter): Name = "LCSC Part#"; Value = "C12891"; VariantName = "[No Variations]"
Add component (AddParameter): Name = "MFR Part #"; Value = "CL31A226KAHNNNE"; VariantName = "[No Variations]"
Add component (AddParameter): Name = "Type"; Value = "Extended"; VariantName = "[No Variations]"
Add component (AddParameter): Name = "Value"; Value = "22uF"; VariantName = "[No Variations]"
Added Component: Designator=J5(ICSP)
Add component (AddParameter): Name = "Digikey Link"; Value = "https://www.digikey.com/product-detail/en/NRPN032PAEN-RC/S5801-03-ND/804955/?itemSeq=304982355"; VariantName = "[No Variations]"
Add component (AddParameter): Name = "Digikey Part"; Value = "S5801-03-ND"; VariantName = "[No Variations]"
Add component (AddParameter): Name = "LCSC Part#"; Value = "C124384"; VariantName = "[No Variations]"
Add component (AddParameter): Name = "Type"; Value = "Extended"; VariantName = "[No Variations]"
Add component (AddParameter): Name = "Value"; Value = "NRPN032PAEN-RC"; VariantName = "[No Variations]"
Added Pin To Net: NetName=GND Pin=C11-1
Added Pin To Net: NetName=TXD Pin=U1-2
Added Pin To Net: NetName=RXD Pin=U1-3
Added Pin To Net: NetName=NetC10_2 Pin=C10-2
Added Pin To Net: NetName=NetC10_2 Pin=C11-2
Added Pin To Net: NetName=NetC10_2 Pin=SW1-3
Added Net: Name=NetC10_2
Added Member To Class: ClassName=AuArd_1 Member=Component C12 22uF
Added Member To Class: ClassName=AuArd_1 Member=Component J6 PPTC081LFBN-RC
